# JRE version: Java(TM) SE Runtime Environment (8.0_151-b12) (build 1.8.0_151-b12)
# Java VM: Java HotSpot(TM) 64-Bit Server VM (25.151-b12 mixed mode linux-amd64 compressed oops)
Heap:
 PSYoungGen      total 478208K, used 0K [0x00000000d7100000, 0x00000000f4c80000, 0x0000000100000000)
  eden space 469504K, 0% used [0x00000000d7100000,0x00000000d7100000,0x00000000f3b80000)
  from space 8704K, 0% used [0x00000000f3b80000,0x00000000f3b80000,0x00000000f4400000)
  to   space 6144K, 0% used [0x00000000f4680000,0x00000000f4680000,0x00000000f4c80000)
 ParOldGen       total 45056K, used 7827K [0x0000000085200000, 0x0000000087e00000, 0x00000000d7100000)
  object space 45056K, 17% used [0x0000000085200000,0x00000000859a4f60,0x0000000087e00000)
 Metaspace       used 20828K, capacity 21538K, committed 21760K, reserved 1069056K
  class space    used 2760K, capacity 2958K, committed 3072K, reserved 1048576K
GC Heap History (10 events):
Event: 45,673 GC heap after
Heap after GC invocations=11 (full 1):
 PSYoungGen      total 201728K, used 0K [0x00000000d7100000, 0x00000000e4080000, 0x0000000100000000)
  eden space 192000K, 0% used [0x00000000d7100000,0x00000000d7100000,0x00000000e2c80000)
  from space 9728K, 0% used [0x00000000e3700000,0x00000000e3700000,0x00000000e4080000)
  to   space 10240K, 0% used [0x00000000e2c80000,0x00000000e2c80000,0x00000000e3680000)
 ParOldGen       total 45056K, used 7827K [0x0000000085200000, 0x0000000087e00000, 0x00000000d7100000)
  object space 45056K, 17% used [0x0000000085200000,0x00000000859a4f60,0x0000000087e00000)
 Metaspace       used 20828K, capacity 21538K, committed 21760K, reserved 1069056K
  class space    used 2760K, capacity 2958K, committed 3072K, reserved 1048576K
}
Event: 45,975 GC heap before
{Heap before GC invocations=12 (full 1):
 PSYoungGen      total 201728K, used 192000K [0x00000000d7100000, 0x00000000e4080000, 0x0000000100000000)
  eden space 192000K, 100% used [0x00000000d7100000,0x00000000e2c80000,0x00000000e2c80000)
  from space 9728K, 0% used [0x00000000e3700000,0x00000000e3700000,0x00000000e4080000)
  to   space 10240K, 0% used [0x00000000e2c80000,0x00000000e2c80000,0x00000000e3680000)
 ParOldGen       total 45056K, used 7827K [0x0000000085200000, 0x0000000087e00000, 0x00000000d7100000)
  object space 45056K, 17% used [0x0000000085200000,0x00000000859a4f60,0x0000000087e00000)
 Metaspace       used 20828K, capacity 21538K, committed 21760K, reserved 1069056K
  class space    used 2760K, capacity 2958K, committed 3072K, reserved 1048576K
Event: 45,978 GC heap after
Heap after GC invocations=12 (full 1):
 PSYoungGen      total 202240K, used 0K [0x00000000d7100000, 0x00000000eab00000, 0x0000000100000000)
  eden space 192000K, 0% used [0x00000000d7100000,0x00000000d7100000,0x00000000e2c80000)
  from space 10240K, 0% used [0x00000000e2c80000,0x00000000e2c80000,0x00000000e3680000)
  to   space 9728K, 0% used [0x00000000ea180000,0x00000000ea180000,0x00000000eab00000)
 ParOldGen       total 45056K, used 7827K [0x0000000085200000, 0x0000000087e00000, 0x00000000d7100000)
  object space 45056K, 17% used [0x0000000085200000,0x00000000859a4f60,0x0000000087e00000)
 Metaspace       used 20828K, capacity 21538K, committed 21760K, reserved 1069056K
  class space    used 2760K, capacity 2958K, committed 3072K, reserved 1048576K
}
Event: 46,245 GC heap before
{Heap before GC invocations=13 (full 1):
 PSYoungGen      total 202240K, used 192000K [0x00000000d7100000, 0x00000000eab00000, 0x0000000100000000)
  eden space 192000K, 100% used [0x00000000d7100000,0x00000000e2c80000,0x00000000e2c80000)
  from space 10240K, 0% used [0x00000000e2c80000,0x00000000e2c80000,0x00000000e3680000)
  to   space 9728K, 0% used [0x00000000ea180000,0x00000000ea180000,0x00000000eab00000)
 ParOldGen       total 45056K, used 7827K [0x0000000085200000, 0x0000000087e00000, 0x00000000d7100000)
  object space 45056K, 17% used [0x0000000085200000,0x00000000859a4f60,0x0000000087e00000)
 Metaspace       used 20828K, capacity 21538K, committed 21760K, reserved 1069056K
  class space    used 2760K, capacity 2958K, committed 3072K, reserved 1048576K
Event: 46,248 GC heap after
Heap after GC invocations=13 (full 1):
 PSYoungGen      total 309760K, used 0K [0x00000000d7100000, 0x00000000ea980000, 0x0000000100000000)
  eden space 301568K, 0% used [0x00000000d7100000,0x00000000d7100000,0x00000000e9780000)
  from space 8192K, 0% used [0x00000000ea180000,0x00000000ea180000,0x00000000ea980000)
  to   space 9216K, 0% used [0x00000000e9780000,0x00000000e9780000,0x00000000ea080000)
 ParOldGen       total 45056K, used 7827K [0x0000000085200000, 0x0000000087e00000, 0x00000000d7100000)
  object space 45056K, 17% used [0x0000000085200000,0x00000000859a4f60,0x0000000087e00000)
 Metaspace       used 20828K, capacity 21538K, committed 21760K, reserved 1069056K
  class space    used 2760K, capacity 2958K, committed 3072K, reserved 1048576K
}
Event: 46,758 GC heap before
{Heap before GC invocations=14 (full 1):
 PSYoungGen      total 309760K, used 301568K [0x00000000d7100000, 0x00000000ea980000, 0x0000000100000000)
  eden space 301568K, 100% used [0x00000000d7100000,0x00000000e9780000,0x00000000e9780000)
  from space 8192K, 0% used [0x00000000ea180000,0x00000000ea180000,0x00000000ea980000)
  to   space 9216K, 0% used [0x00000000e9780000,0x00000000e9780000,0x00000000ea080000)
 ParOldGen       total 45056K, used 7827K [0x0000000085200000, 0x0000000087e00000, 0x00000000d7100000)
  object space 45056K, 17% used [0x0000000085200000,0x00000000859a4f60,0x0000000087e00000)
 Metaspace       used 20828K, capacity 21538K, committed 21760K, reserved 1069056K
  class space    used 2760K, capacity 2958K, committed 3072K, reserved 1048576K
Event: 46,762 GC heap after
Heap after GC invocations=14 (full 1):
 PSYoungGen      total 310784K, used 0K [0x00000000d7100000, 0x00000000f4f00000, 0x0000000100000000)
  eden space 301568K, 0% used [0x00000000d7100000,0x00000000d7100000,0x00000000e9780000)
  from space 9216K, 0% used [0x00000000e9780000,0x00000000e9780000,0x00000000ea080000)
  to   space 8704K, 0% used [0x00000000f4680000,0x00000000f4680000,0x00000000f4f00000)
 ParOldGen       total 45056K, used 7827K [0x0000000085200000, 0x0000000087e00000, 0x00000000d7100000)
  object space 45056K, 17% used [0x0000000085200000,0x00000000859a4f60,0x0000000087e00000)
 Metaspace       used 20828K, capacity 21538K, committed 21760K, reserved 1069056K
  class space    used 2760K, capacity 2958K, committed 3072K, reserved 1048576K
}
Event: 47,056 GC heap before
{Heap before GC invocations=15 (full 1):
 PSYoungGen      total 310784K, used 301568K [0x00000000d7100000, 0x00000000f4f00000, 0x0000000100000000)
  eden space 301568K, 100% used [0x00000000d7100000,0x00000000e9780000,0x00000000e9780000)
  from space 9216K, 0% used [0x00000000e9780000,0x00000000e9780000,0x00000000ea080000)
  to   space 8704K, 0% used [0x00000000f4680000,0x00000000f4680000,0x00000000f4f00000)
 ParOldGen       total 45056K, used 7827K [0x0000000085200000, 0x0000000087e00000, 0x00000000d7100000)
  object space 45056K, 17% used [0x0000000085200000,0x00000000859a4f60,0x0000000087e00000)
 Metaspace       used 20828K, capacity 21538K, committed 21760K, reserved 1069056K
  class space    used 2760K, capacity 2958K, committed 3072K, reserved 1048576K
Event: 47,057 GC heap after
Heap after GC invocations=15 (full 1):
 PSYoungGen      total 475648K, used 0K [0x00000000d7100000, 0x00000000f4c80000, 0x0000000100000000)
  eden space 469504K, 0% used [0x00000000d7100000,0x00000000d7100000,0x00000000f3b80000)
  from space 6144K, 0% used [0x00000000f4680000,0x00000000f4680000,0x00000000f4c80000)
  to   space 8704K, 0% used [0x00000000f3b80000,0x00000000f3b80000,0x00000000f4400000)
 ParOldGen       total 45056K, used 7827K [0x0000000085200000, 0x0000000087e00000, 0x00000000d7100000)
  object space 45056K, 17% used [0x0000000085200000,0x00000000859a4f60,0x0000000087e00000)
 Metaspace       used 20828K, capacity 21538K, committed 21760K, reserved 1069056K
  class space    used 2760K, capacity 2958K, committed 3072K, reserved 1048576K
}
Event: 47,502 GC heap before
{Heap before GC invocations=16 (full 1):
 PSYoungGen      total 475648K, used 469504K [0x00000000d7100000, 0x00000000f4c80000, 0x0000000100000000)
  eden space 469504K, 100% used [0x00000000d7100000,0x00000000f3b80000,0x00000000f3b80000)
  from space 6144K, 0% used [0x00000000f4680000,0x00000000f4680000,0x00000000f4c80000)
  to   space 8704K, 0% used [0x00000000f3b80000,0x00000000f3b80000,0x00000000f4400000)
 ParOldGen       total 45056K, used 7827K [0x0000000085200000, 0x0000000087e00000, 0x00000000d7100000)
  object space 45056K, 17% used [0x0000000085200000,0x00000000859a4f60,0x0000000087e00000)
 Metaspace       used 20828K, capacity 21538K, committed 21760K, reserved 1069056K
  class space    used 2760K, capacity 2958K, committed 3072K, reserved 1048576K

