# JRE version: Java(TM) SE Runtime Environment (8.0_151-b12) (build 1.8.0_151-b12)
# Java VM: Java HotSpot(TM) 64-Bit Server VM (25.151-b12 mixed mode linux-amd64 compressed oops)
Heap:
 PSYoungGen      total 517632K, used 0K [0x00000000d7100000, 0x00000000f7100000, 0x0000000100000000)
  eden space 510976K, 0% used [0x00000000d7100000,0x00000000d7100000,0x00000000f6400000)
  from space 6656K, 0% used [0x00000000f6400000,0x00000000f6400000,0x00000000f6a80000)
  to   space 5120K, 0% used [0x00000000f6c00000,0x00000000f6c00000,0x00000000f7100000)
 ParOldGen       total 44544K, used 7492K [0x0000000085200000, 0x0000000087d80000, 0x00000000d7100000)
  object space 44544K, 16% used [0x0000000085200000,0x0000000085951290,0x0000000087d80000)
 Metaspace       used 21427K, capacity 22284K, committed 22528K, reserved 1069056K
  class space    used 2761K, capacity 2981K, committed 3072K, reserved 1048576K
GC Heap History (10 events):
Event: 217,145 GC heap after
Heap after GC invocations=15 (full 1):
 PSYoungGen      total 238592K, used 0K [0x00000000d7100000, 0x00000000e6280000, 0x0000000100000000)
  eden space 230912K, 0% used [0x00000000d7100000,0x00000000d7100000,0x00000000e5280000)
  from space 7680K, 0% used [0x00000000e5b00000,0x00000000e5b00000,0x00000000e6280000)
  to   space 8192K, 0% used [0x00000000e5280000,0x00000000e5280000,0x00000000e5a80000)
 ParOldGen       total 44544K, used 7492K [0x0000000085200000, 0x0000000087d80000, 0x00000000d7100000)
  object space 44544K, 16% used [0x0000000085200000,0x0000000085951290,0x0000000087d80000)
 Metaspace       used 21427K, capacity 22284K, committed 22528K, reserved 1069056K
  class space    used 2761K, capacity 2981K, committed 3072K, reserved 1048576K
}
Event: 217,923 GC heap before
{Heap before GC invocations=16 (full 1):
 PSYoungGen      total 238592K, used 230912K [0x00000000d7100000, 0x00000000e6280000, 0x0000000100000000)
  eden space 230912K, 100% used [0x00000000d7100000,0x00000000e5280000,0x00000000e5280000)
  from space 7680K, 0% used [0x00000000e5b00000,0x00000000e5b00000,0x00000000e6280000)
  to   space 8192K, 0% used [0x00000000e5280000,0x00000000e5280000,0x00000000e5a80000)
 ParOldGen       total 44544K, used 7492K [0x0000000085200000, 0x0000000087d80000, 0x00000000d7100000)
  object space 44544K, 16% used [0x0000000085200000,0x0000000085951290,0x0000000087d80000)
 Metaspace       used 21427K, capacity 22284K, committed 22528K, reserved 1069056K
  class space    used 2761K, capacity 2981K, committed 3072K, reserved 1048576K
Event: 217,932 GC heap after
Heap after GC invocations=16 (full 1):
 PSYoungGen      total 239104K, used 0K [0x00000000d7100000, 0x00000000ee780000, 0x0000000100000000)
  eden space 230912K, 0% used [0x00000000d7100000,0x00000000d7100000,0x00000000e5280000)
  from space 8192K, 0% used [0x00000000e5280000,0x00000000e5280000,0x00000000e5a80000)
  to   space 7680K, 0% used [0x00000000ee000000,0x00000000ee000000,0x00000000ee780000)
 ParOldGen       total 44544K, used 7492K [0x0000000085200000, 0x0000000087d80000, 0x00000000d7100000)
  object space 44544K, 16% used [0x0000000085200000,0x0000000085951290,0x0000000087d80000)
 Metaspace       used 21427K, capacity 22284K, committed 22528K, reserved 1069056K
  class space    used 2761K, capacity 2981K, committed 3072K, reserved 1048576K
}
Event: 218,564 GC heap before
{Heap before GC invocations=17 (full 1):
 PSYoungGen      total 239104K, used 230912K [0x00000000d7100000, 0x00000000ee780000, 0x0000000100000000)
  eden space 230912K, 100% used [0x00000000d7100000,0x00000000e5280000,0x00000000e5280000)
  from space 8192K, 0% used [0x00000000e5280000,0x00000000e5280000,0x00000000e5a80000)
  to   space 7680K, 0% used [0x00000000ee000000,0x00000000ee000000,0x00000000ee780000)
 ParOldGen       total 44544K, used 7492K [0x0000000085200000, 0x0000000087d80000, 0x00000000d7100000)
  object space 44544K, 16% used [0x0000000085200000,0x0000000085951290,0x0000000087d80000)
 Metaspace       used 21427K, capacity 22284K, committed 22528K, reserved 1069056K
  class space    used 2761K, capacity 2981K, committed 3072K, reserved 1048576K
Event: 218,568 GC heap after
Heap after GC invocations=17 (full 1):
 PSYoungGen      total 374784K, used 0K [0x00000000d7100000, 0x00000000ee700000, 0x0000000100000000)
  eden space 367616K, 0% used [0x00000000d7100000,0x00000000d7100000,0x00000000ed800000)
  from space 7168K, 0% used [0x00000000ee000000,0x00000000ee000000,0x00000000ee700000)
  to   space 7680K, 0% used [0x00000000ed800000,0x00000000ed800000,0x00000000edf80000)
 ParOldGen       total 44544K, used 7492K [0x0000000085200000, 0x0000000087d80000, 0x00000000d7100000)
  object space 44544K, 16% used [0x0000000085200000,0x0000000085951290,0x0000000087d80000)
 Metaspace       used 21427K, capacity 22284K, committed 22528K, reserved 1069056K
  class space    used 2761K, capacity 2981K, committed 3072K, reserved 1048576K
}
Event: 240,723 GC heap before
{Heap before GC invocations=18 (full 1):
 PSYoungGen      total 374784K, used 367616K [0x00000000d7100000, 0x00000000ee700000, 0x0000000100000000)
  eden space 367616K, 100% used [0x00000000d7100000,0x00000000ed800000,0x00000000ed800000)
  from space 7168K, 0% used [0x00000000ee000000,0x00000000ee000000,0x00000000ee700000)
  to   space 7680K, 0% used [0x00000000ed800000,0x00000000ed800000,0x00000000edf80000)
 ParOldGen       total 44544K, used 7492K [0x0000000085200000, 0x0000000087d80000, 0x00000000d7100000)
  object space 44544K, 16% used [0x0000000085200000,0x0000000085951290,0x0000000087d80000)
 Metaspace       used 21427K, capacity 22284K, committed 22528K, reserved 1069056K
  class space    used 2761K, capacity 2981K, committed 3072K, reserved 1048576K
Event: 240,774 GC heap after
Heap after GC invocations=18 (full 1):
 PSYoungGen      total 375296K, used 0K [0x00000000d7100000, 0x00000000f7300000, 0x0000000100000000)
  eden space 367616K, 0% used [0x00000000d7100000,0x00000000d7100000,0x00000000ed800000)
  from space 7680K, 0% used [0x00000000ed800000,0x00000000ed800000,0x00000000edf80000)
  to   space 7168K, 0% used [0x00000000f6c00000,0x00000000f6c00000,0x00000000f7300000)
 ParOldGen       total 44544K, used 7492K [0x0000000085200000, 0x0000000087d80000, 0x00000000d7100000)
  object space 44544K, 16% used [0x0000000085200000,0x0000000085951290,0x0000000087d80000)
 Metaspace       used 21427K, capacity 22284K, committed 22528K, reserved 1069056K
  class space    used 2761K, capacity 2981K, committed 3072K, reserved 1048576K
}
Event: 242,395 GC heap before
{Heap before GC invocations=19 (full 1):
 PSYoungGen      total 375296K, used 367616K [0x00000000d7100000, 0x00000000f7300000, 0x0000000100000000)
  eden space 367616K, 100% used [0x00000000d7100000,0x00000000ed800000,0x00000000ed800000)
  from space 7680K, 0% used [0x00000000ed800000,0x00000000ed800000,0x00000000edf80000)
  to   space 7168K, 0% used [0x00000000f6c00000,0x00000000f6c00000,0x00000000f7300000)
 ParOldGen       total 44544K, used 7492K [0x0000000085200000, 0x0000000087d80000, 0x00000000d7100000)
  object space 44544K, 16% used [0x0000000085200000,0x0000000085951290,0x0000000087d80000)
 Metaspace       used 21427K, capacity 22284K, committed 22528K, reserved 1069056K
  class space    used 2761K, capacity 2981K, committed 3072K, reserved 1048576K
Event: 242,398 GC heap after
Heap after GC invocations=19 (full 1):
 PSYoungGen      total 516096K, used 0K [0x00000000d7100000, 0x00000000f7100000, 0x0000000100000000)
  eden space 510976K, 0% used [0x00000000d7100000,0x00000000d7100000,0x00000000f6400000)
  from space 5120K, 0% used [0x00000000f6c00000,0x00000000f6c00000,0x00000000f7100000)
  to   space 6656K, 0% used [0x00000000f6400000,0x00000000f6400000,0x00000000f6a80000)
 ParOldGen       total 44544K, used 7492K [0x0000000085200000, 0x0000000087d80000, 0x00000000d7100000)
  object space 44544K, 16% used [0x0000000085200000,0x0000000085951290,0x0000000087d80000)
 Metaspace       used 21427K, capacity 22284K, committed 22528K, reserved 1069056K
  class space    used 2761K, capacity 2981K, committed 3072K, reserved 1048576K
}
Event: 244,221 GC heap before
{Heap before GC invocations=20 (full 1):
 PSYoungGen      total 516096K, used 510976K [0x00000000d7100000, 0x00000000f7100000, 0x0000000100000000)
  eden space 510976K, 100% used [0x00000000d7100000,0x00000000f6400000,0x00000000f6400000)
  from space 5120K, 0% used [0x00000000f6c00000,0x00000000f6c00000,0x00000000f7100000)
  to   space 6656K, 0% used [0x00000000f6400000,0x00000000f6400000,0x00000000f6a80000)
 ParOldGen       total 44544K, used 7492K [0x0000000085200000, 0x0000000087d80000, 0x00000000d7100000)
  object space 44544K, 16% used [0x0000000085200000,0x0000000085951290,0x0000000087d80000)
 Metaspace       used 21427K, capacity 22284K, committed 22528K, reserved 1069056K
  class space    used 2761K, capacity 2981K, committed 3072K, reserved 1048576K

